Sun Jun 23 05:19:50 2013 Conectando con 186.58.140.172 en el puerto 8000
Sun Jun 23 05:19:50 2013 Conexión establecida con servidor.
Sun Jun 23 05:19:50 2013 Emitiendo solicitud de LOGIN...
Sun Jun 23 05:19:50 2013 Inicio de sesión exitoso con usuario 'belu'
Sun Jun 23 05:19:50 2013 Actualizando directorio...
Sun Jun 23 05:19:50 2013 Solicitando lista de archivos del servidor...
Sun Jun 23 05:19:50 2013 Se recibió lista de archivos del servidor...
Sun Jun 23 05:19:50 2013 Procesando lista de archivos...
Sun Jun 23 05:19:50 2013 Se solicitaron archivos y partes faltantes.
Sun Jun 23 05:19:50 2013 Se recibieron archivos y partes faltantes.
Sun Jun 23 05:19:50 2013 Actualizando registro de archivos locales...
Sun Jun 23 05:19:50 2013 Finalizada la actualización de archivos.
Sun Jun 23 05:24:04 2013 NOTIFIACIÓN: Nuevo archivo 'Bob Esponja'.
Sun Jun 23 05:24:04 2013 INSPECTOR: Inspeccionando existencia de archivo 'Bob Esponja' en directorio local.
Sun Jun 23 05:24:04 2013 Se solicitó archivo 'Bob Esponja' al servidor.
Sun Jun 23 05:24:04 2013 NOTIFICACIÓN: Arrivo de archivo 'Bob Esponja'.
Sun Jun 23 05:24:04 2013 Se agregó archivo nuevo 'Bob Esponja'
Sun Jun 23 05:24:04 2013 Se actualizó el registro de archivos.
Sun Jun 23 05:24:04 2013 NOTIFIACIÓN: Nuevo archivo 'Cartas de colores'.
Sun Jun 23 05:24:04 2013 INSPECTOR: Inspeccionando existencia de archivo 'Cartas de colores' en directorio local.
Sun Jun 23 05:24:04 2013 Se solicitó archivo 'Cartas de colores' al servidor.
Sun Jun 23 05:24:04 2013 NOTIFIACIÓN: Nuevo archivo 'Don Rodrigo Diaz de Carreras'.
Sun Jun 23 05:24:04 2013 INSPECTOR: Inspeccionando existencia de archivo 'Don Rodrigo Diaz de Carreras' en directorio local.
Sun Jun 23 05:24:04 2013 Se solicitó archivo 'Don Rodrigo Diaz de Carreras' al servidor.
Sun Jun 23 05:24:04 2013 NOTIFIACIÓN: Nuevo archivo 'Homero Simpson'.
Sun Jun 23 05:24:04 2013 INSPECTOR: Inspeccionando existencia de archivo 'Homero Simpson' en directorio local.
Sun Jun 23 05:24:04 2013 Se solicitó archivo 'Homero Simpson' al servidor.
Sun Jun 23 05:24:04 2013 NOTIFIACIÓN: Nuevo archivo 'Jack Johnson'.
Sun Jun 23 05:24:04 2013 INSPECTOR: Inspeccionando existencia de archivo 'Jack Johnson' en directorio local.
Sun Jun 23 05:24:04 2013 Se solicitó archivo 'Jack Johnson' al servidor.
Sun Jun 23 05:24:04 2013 NOTIFIACIÓN: Nuevo archivo 'Lisa Simpson'.
Sun Jun 23 05:24:04 2013 INSPECTOR: Inspeccionando existencia de archivo 'Lisa Simpson' en directorio local.
Sun Jun 23 05:24:04 2013 Se solicitó archivo 'Lisa Simpson' al servidor.
Sun Jun 23 05:24:04 2013 NOTIFIACIÓN: Nuevo archivo 'Mastropiero'.
Sun Jun 23 05:24:04 2013 INSPECTOR: Inspeccionando existencia de archivo 'Mastropiero' en directorio local.
Sun Jun 23 05:24:04 2013 Se solicitó archivo 'Mastropiero' al servidor.
Sun Jun 23 05:24:04 2013 NOTIFIACIÓN: Nuevo archivo 'No estoy creativa para los nombres'.
Sun Jun 23 05:24:04 2013 INSPECTOR: Inspeccionando existencia de archivo 'No estoy creativa para los nombres' en directorio local.
Sun Jun 23 05:24:04 2013 Se solicitó archivo 'No estoy creativa para los nombres' al servidor.
Sun Jun 23 05:24:04 2013 NOTIFIACIÓN: Nuevo archivo 'a10'.
Sun Jun 23 05:24:04 2013 INSPECTOR: Inspeccionando existencia de archivo 'a10' en directorio local.
Sun Jun 23 05:24:04 2013 Se solicitó archivo 'a10' al servidor.
Sun Jun 23 05:24:04 2013 NOTIFICACIÓN: Arrivo de archivo 'Cartas de colores'.
Sun Jun 23 05:24:04 2013 Se agregó archivo nuevo 'Cartas de colores'
Sun Jun 23 05:24:04 2013 Se actualizó el registro de archivos.
Sun Jun 23 05:24:04 2013 NOTIFICACIÓN: Arrivo de archivo 'Don Rodrigo Diaz de Carreras'.
Sun Jun 23 05:24:04 2013 Se agregó archivo nuevo 'Don Rodrigo Diaz de Carreras'
Sun Jun 23 05:24:04 2013 Se actualizó el registro de archivos.
Sun Jun 23 05:24:04 2013 NOTIFICACIÓN: Arrivo de archivo 'Homero Simpson'.
Sun Jun 23 05:24:04 2013 Se agregó archivo nuevo 'Homero Simpson'
Sun Jun 23 05:24:04 2013 Se actualizó el registro de archivos.
Sun Jun 23 05:24:04 2013 NOTIFICACIÓN: Arrivo de archivo 'Jack Johnson'.
Sun Jun 23 05:24:04 2013 Se agregó archivo nuevo 'Jack Johnson'
Sun Jun 23 05:24:04 2013 Se actualizó el registro de archivos.
Sun Jun 23 05:24:04 2013 NOTIFICACIÓN: Arrivo de archivo 'Lisa Simpson'.
Sun Jun 23 05:24:04 2013 Se agregó archivo nuevo 'Lisa Simpson'
Sun Jun 23 05:24:04 2013 Se actualizó el registro de archivos.
Sun Jun 23 05:24:04 2013 NOTIFICACIÓN: Arrivo de archivo 'Mastropiero'.
Sun Jun 23 05:24:04 2013 Se agregó archivo nuevo 'Mastropiero'
Sun Jun 23 05:24:04 2013 Se actualizó el registro de archivos.
Sun Jun 23 05:24:04 2013 NOTIFICACIÓN: Arrivo de archivo 'No estoy creativa para los nombres'.
Sun Jun 23 05:24:04 2013 Se agregó archivo nuevo 'No estoy creativa para los nombres'
Sun Jun 23 05:24:04 2013 Se actualizó el registro de archivos.
Sun Jun 23 05:24:04 2013 NOTIFICACIÓN: Arrivo de archivo 'a10'.
Sun Jun 23 05:24:04 2013 Se agregó archivo nuevo 'a10'
Sun Jun 23 05:24:04 2013 Se actualizó el registro de archivos.
Sun Jun 23 05:24:04 2013 NOTIFIACIÓN: Nuevo archivo 'eventos_cliente.log'.
Sun Jun 23 05:24:04 2013 INSPECTOR: Inspeccionando existencia de archivo 'eventos_cliente.log' en directorio local.
Sun Jun 23 05:24:04 2013 Se solicitó archivo 'eventos_cliente.log' al servidor.
Sun Jun 23 05:24:04 2013 NOTIFICACIÓN: Arrivo de archivo 'eventos_cliente.log'.
Sun Jun 23 05:24:04 2013 Se agregó archivo nuevo 'eventos_cliente.log'
Sun Jun 23 05:24:04 2013 Se actualizó el registro de archivos.
Sun Jun 23 05:35:10 2013 NOTIFIACIÓN: Nuevo archivo 'A borrar'.
Sun Jun 23 05:35:10 2013 INSPECTOR: Inspeccionando existencia de archivo 'A borrar' en directorio local.
Sun Jun 23 05:35:10 2013 Se solicitó archivo 'A borrar' al servidor.
Sun Jun 23 05:35:10 2013 NOTIFICACIÓN: Arrivo de archivo 'A borrar'.
Sun Jun 23 05:35:10 2013 Se agregó archivo nuevo 'A borrar'
Sun Jun 23 05:35:10 2013 Se actualizó el registro de archivos.
Sun Jun 23 05:35:15 2013 NOTIFICACIÓN: Archivo 'A borrar' ha sido eliminado.
Sun Jun 23 05:35:15 2013 Se eliminó el archivo 'A borrar'.
Sun Jun 23 05:35:15 2013 Se actualizó el registro de archivos.
Sun Jun 23 05:37:33 2013 NOTIFIACIÓN: Nuevo archivo 'A borrar'.
Sun Jun 23 05:37:33 2013 INSPECTOR: Inspeccionando existencia de archivo 'A borrar' en directorio local.
Sun Jun 23 05:37:33 2013 Se solicitó archivo 'A borrar' al servidor.
Sun Jun 23 05:37:33 2013 NOTIFICACIÓN: Arrivo de archivo 'A borrar'.
Sun Jun 23 05:37:33 2013 Se agregó archivo nuevo 'A borrar'
Sun Jun 23 05:37:33 2013 Se actualizó el registro de archivos.
Sun Jun 23 05:38:20 2013 NOTIFICACIÓN: Archivo 'A borrar' ha sido eliminado.
Sun Jun 23 05:38:20 2013 Se eliminó el archivo 'A borrar'.
Sun Jun 23 05:38:20 2013 Se actualizó el registro de archivos.
Sun Jun 23 05:40:02 2013 NOTIFIACIÓN: Nuevo archivo 'A borrar'.
Sun Jun 23 05:40:02 2013 INSPECTOR: Inspeccionando existencia de archivo 'A borrar' en directorio local.
Sun Jun 23 05:40:02 2013 Se solicitó archivo 'A borrar' al servidor.
Sun Jun 23 05:40:02 2013 NOTIFICACIÓN: Arrivo de archivo 'A borrar'.
Sun Jun 23 05:40:02 2013 Se agregó archivo nuevo 'A borrar'
Sun Jun 23 05:40:02 2013 Se actualizó el registro de archivos.
Sun Jun 23 05:40:07 2013 NOTIFICACIÓN: Archivo 'A borrar' ha sido eliminado.
Sun Jun 23 05:40:07 2013 Se eliminó el archivo 'A borrar'.
Sun Jun 23 05:40:07 2013 Se actualizó el registro de archivos.
Sun Jun 23 05:45:35 2013 NOTIFICACIÓN: Archivo 'a10' ha sido eliminado.
Sun Jun 23 05:45:35 2013 Se eliminó el archivo 'a10'.
Sun Jun 23 05:45:35 2013 Se actualizó el registro de archivos.
Sun Jun 23 05:46:10 2013 NOTIFICACIÓN: Archivo 'a2' ha sido eliminado.
Sun Jun 23 05:46:10 2013 Se eliminó el archivo 'a2'.
Sun Jun 23 05:46:10 2013 Se actualizó el registro de archivos.
Sun Jun 23 05:46:20 2013 NOTIFIACIÓN: Nuevo archivo 'a2'.
Sun Jun 23 05:46:20 2013 INSPECTOR: Inspeccionando existencia de archivo 'a2' en directorio local.
Sun Jun 23 05:46:20 2013 Se solicitó archivo 'a2' al servidor.
Sun Jun 23 05:46:20 2013 NOTIFICACIÓN: Arrivo de archivo 'a2'.
Sun Jun 23 05:46:20 2013 Se agregó archivo nuevo 'a2'
Sun Jun 23 05:46:20 2013 Se actualizó el registro de archivos.
