Tue Jun 25 01:41:48 2013 Iniciando servidor AU...
Tue Jun 25 01:41:48 2013 Se ha iniciado el servidor.
Tue Jun 25 01:42:15 2013 Se ha conectado un cliente (IP = 0.0.0.0).
Tue Jun 25 01:42:15 2013 LOGIN: Esperando datos de login del cliente...
Tue Jun 25 01:42:15 2013 LOGIN: Usuario 'ADMMONITOR' ha iniciado sesión.
Tue Jun 25 01:44:10 2013 Usuario 'ADMMONITOR'  se ha desconectado.
Tue Jun 25 01:46:40 2013 Se ha detenido el servidor.
Tue Jun 25 01:46:42 2013 Iniciando servidor AU...
Tue Jun 25 01:46:42 2013 Se ha iniciado el servidor.
Tue Jun 25 01:47:07 2013 Se ha conectado un cliente (IP = 0.0.0.0).
Tue Jun 25 01:47:07 2013 LOGIN: Esperando datos de login del cliente...
Tue Jun 25 01:47:07 2013 LOGIN: Usuario 'ADMMONITOR' ha iniciado sesión.
Tue Jun 25 01:49:22 2013 Usuario 'ADMMONITOR'  se ha desconectado.
Tue Jun 25 01:49:25 2013 Se ha detenido el servidor.
Tue Jun 25 01:52:17 2013 Iniciando servidor AU...
Tue Jun 25 01:52:17 2013 Se ha iniciado el servidor.
Tue Jun 25 01:53:54 2013 Se ha conectado un cliente (IP = 0.0.0.0).
Tue Jun 25 01:53:54 2013 LOGIN: Esperando datos de login del cliente...
Tue Jun 25 01:53:54 2013 LOGIN: Usuario 'Fiona' ha iniciado sesión.
Tue Jun 25 01:53:54 2013 SINCRONIZADOR: Solicitud de lista de archivos.
Tue Jun 25 01:53:55 2013 SINCRONIZADOR: Lista de archivos enviada.
Tue Jun 25 01:54:04 2013 Se ha detenido el servidor.
Tue Jun 25 02:08:13 2013 Iniciando servidor AU...
Tue Jun 25 02:08:13 2013 Se ha iniciado el servidor.
Tue Jun 25 02:08:21 2013 Se ha conectado un cliente (IP = 0.0.0.0).
Tue Jun 25 02:08:21 2013 LOGIN: Esperando datos de login del cliente...
Tue Jun 25 02:08:21 2013 LOGIN: Usuario 'Fiona' ha iniciado sesión.
Tue Jun 25 02:08:21 2013 SINCRONIZADOR: Solicitud de lista de archivos.
Tue Jun 25 02:08:22 2013 SINCRONIZADOR: Lista de archivos enviada.
Tue Jun 25 02:08:27 2013 Se ha detenido el servidor.
Tue Jun 25 02:17:22 2013 Iniciando servidor AU...
Tue Jun 25 02:17:22 2013 Se ha iniciado el servidor.
Tue Jun 25 02:17:24 2013 Se ha conectado un cliente (IP = 0.0.0.0).
Tue Jun 25 02:17:24 2013 LOGIN: Esperando datos de login del cliente...
Tue Jun 25 02:17:24 2013 LOGIN: Usuario 'Fiona' ha iniciado sesión.
Tue Jun 25 02:17:24 2013 SINCRONIZADOR: Solicitud de lista de archivos.
Tue Jun 25 02:17:25 2013 SINCRONIZADOR: Lista de archivos enviada.
Tue Jun 25 02:17:31 2013 Se ha detenido el servidor.
Tue Jun 25 02:25:10 2013 Iniciando servidor AU...
Tue Jun 25 02:25:10 2013 Se ha iniciado el servidor.
Tue Jun 25 02:25:12 2013 Se ha conectado un cliente (IP = 0.0.0.0).
Tue Jun 25 02:25:12 2013 LOGIN: Esperando datos de login del cliente...
Tue Jun 25 02:25:12 2013 LOGIN: Usuario 'Fiona' ha iniciado sesión.
Tue Jun 25 02:25:12 2013 SINCRONIZADOR: Solicitud de lista de archivos.
Tue Jun 25 02:25:13 2013 SINCRONIZADOR: Lista de archivos enviada.
Tue Jun 25 02:25:20 2013 Usuario 'Fiona'  se ha desconectado.
Tue Jun 25 02:53:11 2013 Iniciando servidor AU...
Tue Jun 25 02:53:11 2013 Se ha iniciado el servidor.
Tue Jun 25 02:54:11 2013 Se ha conectado un cliente (IP = 0.0.0.0).
Tue Jun 25 02:54:11 2013 LOGIN: Esperando datos de login del cliente...
Tue Jun 25 02:54:11 2013 LOGIN: Usuario 'ADMMONITOR' ha iniciado sesión.
Tue Jun 25 02:54:33 2013 Usuario 'ADMMONITOR'  se ha desconectado.
Tue Jun 25 02:54:43 2013 Se ha detenido el servidor.
Tue Jun 25 05:12:34 2013 Iniciando servidor AU...
Tue Jun 25 05:12:34 2013 Se ha iniciado el servidor.
Tue Jun 25 05:12:52 2013 Se ha conectado un cliente (IP = 0.0.0.0).
Tue Jun 25 05:12:52 2013 LOGIN: Esperando datos de login del cliente...
Tue Jun 25 05:12:52 2013 LOGIN: Usuario 'Fiona' ha iniciado sesión.
Tue Jun 25 05:14:24 2013 SINCRONIZADOR: Solicitud de lista de archivos.
Tue Jun 25 05:14:25 2013 SINCRONIZADOR: Lista de archivos enviada.
Tue Jun 25 05:14:27 2013 Usuario 'Fiona'  se ha desconectado.
Tue Jun 25 05:14:39 2013 Se ha conectado un cliente (IP = 0.0.0.0).
Tue Jun 25 05:14:39 2013 LOGIN: Esperando datos de login del cliente...
Tue Jun 25 05:14:39 2013 LOGIN: Usuario 'Fiona' ha iniciado sesión.
Tue Jun 25 05:17:02 2013 SINCRONIZADOR: Solicitud de lista de archivos.
Tue Jun 25 05:17:03 2013 SINCRONIZADOR: Lista de archivos enviada.
Tue Jun 25 05:17:05 2013 Usuario 'Fiona'  se ha desconectado.
Tue Jun 25 05:17:15 2013 Se ha detenido el servidor.
Tue Jun 25 05:26:03 2013 Iniciando servidor AU...
Tue Jun 25 05:26:03 2013 Se ha iniciado el servidor.
Tue Jun 25 05:26:07 2013 Se ha conectado un cliente (IP = 0.0.0.0).
Tue Jun 25 05:26:07 2013 LOGIN: Esperando datos de login del cliente...
Tue Jun 25 05:26:07 2013 LOGIN: Usuario 'Fiona' ha iniciado sesión.
Tue Jun 25 05:26:30 2013 SINCRONIZADOR: Solicitud de lista de archivos.
Tue Jun 25 05:26:31 2013 SINCRONIZADOR: Lista de archivos enviada.
Tue Jun 25 05:27:55 2013 Se ha conectado un cliente (IP = 0.0.0.0).
Tue Jun 25 05:27:55 2013 LOGIN: Esperando datos de login del cliente...
Tue Jun 25 05:27:55 2013 LOGIN: Usuario 'ADMMONITOR' ha iniciado sesión.
Tue Jun 25 05:27:59 2013 Usuario 'ADMMONITOR'  se ha desconectado.
Tue Jun 25 05:28:03 2013 Se ha detenido el servidor.
Tue Jun 25 05:49:25 2013 Iniciando servidor AU...
Tue Jun 25 05:49:25 2013 Se ha iniciado el servidor.
Tue Jun 25 05:49:44 2013 Se ha conectado un cliente (IP = 0.0.0.0).
Tue Jun 25 05:49:44 2013 LOGIN: Esperando datos de login del cliente...
Tue Jun 25 05:49:44 2013 LOGIN: Usuario 'Fiona' ha iniciado sesión.
Tue Jun 25 05:51:07 2013 Se ha detenido el servidor.
Tue Jun 25 05:58:23 2013 Iniciando servidor AU...
Tue Jun 25 05:58:23 2013 Se ha iniciado el servidor.
Tue Jun 25 05:58:31 2013 Se ha conectado un cliente (IP = 0.0.0.0).
Tue Jun 25 05:58:31 2013 LOGIN: Esperando datos de login del cliente...
Tue Jun 25 05:58:31 2013 LOGIN: Usuario 'Fiona' ha iniciado sesión.
Tue Jun 25 05:59:44 2013 Usuario 'Fiona'  se ha desconectado.
Tue Jun 25 05:59:46 2013 Se ha detenido el servidor.
